[0m[[0m[0mdebug[0m] [0m[0m> Exec(assembly, None, None)[0m
[0m[[0m[0mdebug[0m] [0m[0mEvaluating tasks: assembly[0m
[0m[[0m[0mdebug[0m] [0m[0mRunning task... Cancel: Signal, check cycles: false, forcegc: true[0m
[0m[[0m[31merror[0m] [0m[0m1 error was encountered during merge[0m
[0m[[0m[31merror[0m] [0m[0mjava.lang.RuntimeException: deduplicate: different file contents found in the following:[0m
[0m[[0m[31merror[0m] [0m[0mplugin.yml[0m
[0m[[0m[31merror[0m] [0m[0m/Users/rito/Library/Caches/Coursier/v1/https/jitpack.io/com/github/nuvotifier/nuvotifier/nuvotifier-bukkit/2.6.0/nuvotifier-bukkit-2.6.0.jar:plugin.yml[0m
[0m[[0m[31merror[0m] [0m[0m	at sbtassembly.Assembly$.applyStrategies(Assembly.scala:143)[0m
[0m[[0m[31merror[0m] [0m[0m	at sbtassembly.Assembly$.x$1$lzycompute$1(Assembly.scala:25)[0m
[0m[[0m[31merror[0m] [0m[0m	at sbtassembly.Assembly$.x$1$1(Assembly.scala:23)[0m
[0m[[0m[31merror[0m] [0m[0m	at sbtassembly.Assembly$.stratMapping$lzycompute$1(Assembly.scala:23)[0m
[0m[[0m[31merror[0m] [0m[0m	at sbtassembly.Assembly$.stratMapping$1(Assembly.scala:23)[0m
[0m[[0m[31merror[0m] [0m[0m	at sbtassembly.Assembly$.inputs$lzycompute$1(Assembly.scala:68)[0m
[0m[[0m[31merror[0m] [0m[0m	at sbtassembly.Assembly$.inputs$1(Assembly.scala:58)[0m
[0m[[0m[31merror[0m] [0m[0m	at sbtassembly.Assembly$.apply(Assembly.scala:85)[0m
[0m[[0m[31merror[0m] [0m[0m	at sbtassembly.Assembly$.$anonfun$assemblyTask$1(Assembly.scala:244)[0m
[0m[[0m[31merror[0m] [0m[0m	at scala.Function1.$anonfun$compose$1(Function1.scala:49)[0m
[0m[[0m[31merror[0m] [0m[0m	at sbt.internal.util.$tilde$greater.$anonfun$$u2219$1(TypeFunctions.scala:62)[0m
[0m[[0m[31merror[0m] [0m[0m	at sbt.std.Transform$$anon$4.work(Transform.scala:68)[0m
[0m[[0m[31merror[0m] [0m[0m	at sbt.Execute.$anonfun$submit$2(Execute.scala:282)[0m
[0m[[0m[31merror[0m] [0m[0m	at sbt.internal.util.ErrorHandling$.wideConvert(ErrorHandling.scala:23)[0m
[0m[[0m[31merror[0m] [0m[0m	at sbt.Execute.work(Execute.scala:291)[0m
[0m[[0m[31merror[0m] [0m[0m	at sbt.Execute.$anonfun$submit$1(Execute.scala:282)[0m
[0m[[0m[31merror[0m] [0m[0m	at sbt.ConcurrentRestrictions$$anon$4.$anonfun$submitValid$1(ConcurrentRestrictions.scala:265)[0m
[0m[[0m[31merror[0m] [0m[0m	at sbt.CompletionService$$anon$2.call(CompletionService.scala:64)[0m
[0m[[0m[31merror[0m] [0m[0m	at java.base/java.util.concurrent.FutureTask.run(FutureTask.java:264)[0m
[0m[[0m[31merror[0m] [0m[0m	at java.base/java.util.concurrent.Executors$RunnableAdapter.call(Executors.java:515)[0m
[0m[[0m[31merror[0m] [0m[0m	at java.base/java.util.concurrent.FutureTask.run(FutureTask.java:264)[0m
[0m[[0m[31merror[0m] [0m[0m	at java.base/java.util.concurrent.ThreadPoolExecutor.runWorker(ThreadPoolExecutor.java:1130)[0m
[0m[[0m[31merror[0m] [0m[0m	at java.base/java.util.concurrent.ThreadPoolExecutor$Worker.run(ThreadPoolExecutor.java:630)[0m
[0m[[0m[31merror[0m] [0m[0m	at java.base/java.lang.Thread.run(Thread.java:831)[0m
[0m[[0m[31merror[0m] [0m[0m([31massembly[0m) deduplicate: different file contents found in the following:[0m
[0m[[0m[31merror[0m] [0m[0mplugin.yml[0m
[0m[[0m[31merror[0m] [0m[0m/Users/rito/Library/Caches/Coursier/v1/https/jitpack.io/com/github/nuvotifier/nuvotifier/nuvotifier-bukkit/2.6.0/nuvotifier-bukkit-2.6.0.jar:plugin.yml[0m
[0m[[0m[31merror[0m] [0m[0mTotal time: 1 s, completed 2021/10/17 21:04:59[0m
[0m[[0m[0mdebug[0m] [0m[0m> Exec(idea-shell, None, None)[0m
