[0m[[0m[0mdebug[0m] [0m[0m> Exec(compile, None, None)[0m
[0m[[0m[0mdebug[0m] [0m[0mEvaluating tasks: Compile / compile[0m
[0m[[0m[0mdebug[0m] [0m[0mRunning task... Cancel: Signal, check cycles: false, forcegc: true[0m
[0m[[0m[0minfo[0m] [0m[0mcompiling 156 Scala sources to /Users/rito/Desktop/develop/RyoServerAssist/target/scala-2.13/classes ...[0m
[0m[[0m[33mwarn[0m] [0m[0m/Users/rito/Desktop/develop/RyoServerAssist/src/main/scala/com/ryoserver/Commands/Builder/CommandBuilder.scala:21:38: method any2stringadd in object Predef is deprecated (since 2.13.0): Implicit injection of + is deprecated. Convert to String to call +[0m
[0m[[0m[33mwarn[0m] [0m[0m        sender.sendMessage(ChatColor.RED + "ã“ã®ã‚³ãƒãƒ³ãƒ‰ã¯ã‚²ãƒ¼ãƒ å†…ã‹ã‚‰å®Ÿè¡Œã—ã¦ãã ã•ã„ï¼")[0m
[0m[[0m[33mwarn[0m] [0m[0m                                     ^[0m
[0m[[0m[33mwarn[0m] [0m[0m/Users/rito/Desktop/develop/RyoServerAssist/src/main/scala/com/ryoserver/Commands/Builder/CommandBuilder.scala:39:34: method any2stringadd in object Predef is deprecated (since 2.13.0): Implicit injection of + is deprecated. Convert to String to call +[0m
[0m[[0m[33mwarn[0m] [0m[0m    sender.sendMessage(ChatColor.RED + message)[0m
[0m[[0m[33mwarn[0m] [0m[0m                                 ^[0m
[0m[[0m[33mwarn[0m] [0m[0m/Users/rito/Desktop/develop/RyoServerAssist/src/main/scala/com/ryoserver/Commands/Builder/CommandBuilder.scala:57:34: method any2stringadd in object Predef is deprecated (since 2.13.0): Implicit injection of + is deprecated. Convert to String to call +[0m
[0m[[0m[33mwarn[0m] [0m[0m    sender.sendMessage(ChatColor.AQUA + message)[0m
[0m[[0m[33mwarn[0m] [0m[0m                                 ^[0m
[0m[[0m[33mwarn[0m] [0m[0m/Users/rito/Desktop/develop/RyoServerAssist/src/main/scala/com/ryoserver/Commands/DistributionCommand.scala:23:34: method any2stringadd in object Predef is deprecated (since 2.13.0): Implicit injection of + is deprecated. Convert to String to call +[0m
[0m[[0m[33mwarn[0m] [0m[0m    sender.sendMessage(ChatColor.AQUA + "/distribution give <normal/fromAdmin> <å€‹æ•°>")[0m
[0m[[0m[33mwarn[0m] [0m[0m                                 ^[0m
[0m[[0m[33mwarn[0m] [0m[0m/Users/rito/Desktop/develop/RyoServerAssist/src/main/scala/com/ryoserver/Commands/GachaCommand.scala:24:24: method any2stringadd in object Predef is deprecated (since 2.13.0): Implicit injection of + is deprecated. Convert to String to call +[0m
[0m[[0m[33mwarn[0m] [0m[0m    sender.sendMessage(AQUA + "/gacha give <ãƒ—ãƒ¬ã‚¤ãƒ¤ãƒ¼å> <å€‹æ•°>")[0m
[0m[[0m[33mwarn[0m] [0m[0m                       ^[0m
[0m[[0m[33mwarn[0m] [0m[0m/Users/rito/Desktop/develop/RyoServerAssist/src/main/scala/com/ryoserver/Commands/GachaCommand.scala:26:24: method any2stringadd in object Predef is deprecated (since 2.13.0): Implicit injection of + is deprecated. Convert to String to call +[0m
[0m[[0m[33mwarn[0m] [0m[0m    sender.sendMessage(AQUA + "/gacha add")[0m
[0m[[0m[33mwarn[0m] [0m[0m                       ^[0m
[0m[[0m[33mwarn[0m] [0m[0m/Users/rito/Desktop/develop/RyoServerAssist/src/main/scala/com/ryoserver/Commands/GachaCommand.scala:28:24: method any2stringadd in object Predef is deprecated (since 2.13.0): Implicit injection of + is deprecated. Convert to String to call +[0m
[0m[[0m[33mwarn[0m] [0m[0m    sender.sendMessage(AQUA + "/gacha remove [ID]")[0m
[0m[[0m[33mwarn[0m] [0m[0m                       ^[0m
[0m[[0m[33mwarn[0m] [0m[0m/Users/rito/Desktop/develop/RyoServerAssist/src/main/scala/com/ryoserver/Commands/GachaCommand.scala:30:24: method any2stringadd in object Predef is deprecated (since 2.13.0): Implicit injection of + is deprecated. Convert to String to call +[0m
[0m[[0m[33mwarn[0m] [0m[0m    sender.sendMessage(AQUA + "/gacha list [ãƒ¬ã‚¢ãƒªãƒ†ã‚£ç•ªå·(0~3)]")[0m
[0m[[0m[33mwarn[0m] [0m[0m                       ^[0m
[0m[[0m[33mwarn[0m] [0m[0m/Users/rito/Desktop/develop/RyoServerAssist/src/main/scala/com/ryoserver/Commands/GachaCommand.scala:39:24: method any2stringadd in object Predef is deprecated (since 2.13.0): Implicit injection of + is deprecated. Convert to String to call +[0m
[0m[[0m[33mwarn[0m] [0m[0m    sender.sendMessage(AQUA + sender.getName + "ã«ã‚¬ãƒãƒ£åˆ¸ã‚’" + args(2) + "æšé…å¸ƒã—ã¾ã—ãŸã€‚")[0m
[0m[[0m[33mwarn[0m] [0m[0m                       ^[0m
[0m[[0m[33mwarn[0m] [0m[0m/Users/rito/Desktop/develop/RyoServerAssist/src/main/scala/com/ryoserver/Commands/LevelCommand.scala:38:34: method any2stringadd in object Predef is deprecated (since 2.13.0): Implicit injection of + is deprecated. Convert to String to call +[0m
[0m[[0m[33mwarn[0m] [0m[0m    sender.sendMessage(ChatColor.AQUA + "æ›´æ–°ã—ã¾ã—ãŸã€‚")[0m
[0m[[0m[33mwarn[0m] [0m[0m                                 ^[0m
[0m[[0m[33mwarn[0m] [0m[0m/Users/rito/Desktop/develop/RyoServerAssist/src/main/scala/com/ryoserver/Commands/LevelCommand.scala:43:17: method + in class Int is deprecated (since 2.13.0): Adding a number and a String is deprecated. Use the string interpolation `s"$num$str"`[0m
[0m[[0m[33mwarn[0m] [0m[0m      println(i + " " + new CalLv().getExp(i) + " " + new CalLv().getSumTotal(i))[0m
[0m[[0m[33mwarn[0m] [0m[0m                ^[0m
[0m[[0m[33mwarn[0m] [0m[0m/Users/rito/Desktop/develop/RyoServerAssist/src/main/scala/com/ryoserver/Commands/LevelCommand.scala:49:34: method any2stringadd in object Predef is deprecated (since 2.13.0): Implicit injection of + is deprecated. Convert to String to call +[0m
[0m[[0m[33mwarn[0m] [0m[0m    sender.sendMessage(ChatColor.AQUA + "/level getLevel <çµŒé¨“å€¤>")[0m
[0m[[0m[33mwarn[0m] [0m[0m                                 ^[0m
[0m[[0m[33mwarn[0m] [0m[0m/Users/rito/Desktop/develop/RyoServerAssist/src/main/scala/com/ryoserver/Commands/LevelCommand.scala:51:34: method any2stringadd in object Predef is deprecated (since 2.13.0): Implicit injection of + is deprecated. Convert to String to call +[0m
[0m[[0m[33mwarn[0m] [0m[0m    sender.sendMessage(ChatColor.AQUA + "/level getExp <ãƒ¬ãƒ™ãƒ«>")[0m
[0m[[0m[33mwarn[0m] [0m[0m                                 ^[0m
[0m[[0m[33mwarn[0m] [0m[0m/Users/rito/Desktop/develop/RyoServerAssist/src/main/scala/com/ryoserver/Commands/LevelCommand.scala:53:34: method any2stringadd in object Predef is deprecated (since 2.13.0): Implicit injection of + is deprecated. Convert to String to call +[0m
[0m[[0m[33mwarn[0m] [0m[0m    sender.sendMessage(ChatColor.AQUA + "/level getTotalExp <ãƒ¬ãƒ™ãƒ«>")[0m
[0m[[0m[33mwarn[0m] [0m[0m                                 ^[0m
[0m[[0m[33mwarn[0m] [0m[0m/Users/rito/Desktop/develop/RyoServerAssist/src/main/scala/com/ryoserver/Commands/LevelCommand.scala:55:34: method any2stringadd in object Predef is deprecated (since 2.13.0): Implicit injection of + is deprecated. Convert to String to call +[0m
[0m[[0m[33mwarn[0m] [0m[0m    sender.sendMessage(ChatColor.AQUA + "/level setExp <çµŒé¨“å€¤>")[0m
[0m[[0m[33mwarn[0m] [0m[0m                                 ^[0m
[0m[[0m[33mwarn[0m] [0m[0m/Users/rito/Desktop/develop/RyoServerAssist/src/main/scala/com/ryoserver/Commands/LevelCommand.scala:57:34: method any2stringadd in object Predef is deprecated (since 2.13.0): Implicit injection of + is deprecated. Convert to String to call +[0m
[0m[[0m[33mwarn[0m] [0m[0m    sender.sendMessage(ChatColor.AQUA + "/level log <ãƒ¬ãƒ™ãƒ«>")[0m
[0m[[0m[33mwarn[0m] [0m[0m                                 ^[0m
[0m[[0m[33mwarn[0m] [0m[0m/Users/rito/Desktop/develop/RyoServerAssist/src/main/scala/com/ryoserver/Commands/RegenerationCommand.scala:15:39: method any2stringadd in object Predef is deprecated (since 2.13.0): Implicit injection of + is deprecated. Convert to String to call +[0m
[0m[[0m[33mwarn[0m] [0m[0m    Bukkit.broadcastMessage(ChatColor.AQUA + "ãƒ¯ãƒ¼ãƒ«ãƒ‰ã®å†ç”Ÿæˆã‚’è¡Œã„ã¾ã™ã€‚")[0m
[0m[[0m[33mwarn[0m] [0m[0m                                      ^[0m
[0m[[0m[33mwarn[0m] [0m[0m/Users/rito/Desktop/develop/RyoServerAssist/src/main/scala/com/ryoserver/Commands/RegenerationCommand.scala:16:39: method any2stringadd in object Predef is deprecated (since 2.13.0): Implicit injection of + is deprecated. Convert to String to call +[0m
[0m[[0m[33mwarn[0m] [0m[0m    Bukkit.broadcastMessage(ChatColor.AQUA + "ãƒ©ã‚°ã«ã”æ³¨æ„ãã ã•ã„ï¼")[0m
[0m[[0m[33mwarn[0m] [0m[0m                                      ^[0m
[0m[[0m[33mwarn[0m] [0m[0m/Users/rito/Desktop/develop/RyoServerAssist/src/main/scala/com/ryoserver/Commands/SecurityCommand.scala:32:34: method any2stringadd in object Predef is deprecated (since 2.13.0): Implicit injection of + is deprecated. Convert to String to call +[0m
[0m[[0m[33mwarn[0m] [0m[0m    sender.sendMessage(ChatColor.AQUA + args(1) + "ã®ã‚¤ãƒ³ãƒ™ãƒ³ãƒˆãƒªã‚’é–‹ãã¾ã—ãŸã€‚")[0m
[0m[[0m[33mwarn[0m] [0m[0m                                 ^[0m
[0m[[0m[33mwarn[0m] [0m[0m/Users/rito/Desktop/develop/RyoServerAssist/src/main/scala/com/ryoserver/Commands/SecurityCommand.scala:37:34: method any2stringadd in object Predef is deprecated (since 2.13.0): Implicit injection of + is deprecated. Convert to String to call +[0m
[0m[[0m[33mwarn[0m] [0m[0m    sender.sendMessage(ChatColor.AQUA + args(1) + "ã®ã‚¨ãƒ³ãƒ€ãƒ¼ãƒã‚§ã‚¹ãƒˆã‚’é–‹ãã¾ã—ãŸã€‚")[0m
[0m[[0m[33mwarn[0m] [0m[0m                                 ^[0m
[0m[[0m[33mwarn[0m] [0m[0m/Users/rito/Desktop/develop/RyoServerAssist/src/main/scala/com/ryoserver/Commands/SecurityCommand.scala:44:39: method any2stringadd in object Predef is deprecated (since 2.13.0): Implicit injection of + is deprecated. Convert to String to call +[0m
[0m[[0m[33mwarn[0m] [0m[0m    Bukkit.broadcastMessage(ChatColor.YELLOW + p.getName + "ãŒã‚²ãƒ¼ãƒ ã‚’é€€å‡ºã—ã¾ã—ãŸ")[0m
[0m[[0m[33mwarn[0m] [0m[0m                                      ^[0m
[0m[[0m[33mwarn[0m] [0m[0m/Users/rito/Desktop/develop/RyoServerAssist/src/main/scala/com/ryoserver/Commands/SecurityCommand.scala:51:39: method any2stringadd in object Predef is deprecated (since 2.13.0): Implicit injection of + is deprecated. Convert to String to call +[0m
[0m[[0m[33mwarn[0m] [0m[0m    Bukkit.broadcastMessage(ChatColor.YELLOW + p.getName + "ãŒã‚²ãƒ¼ãƒ ã«å‚åŠ ã—ã¾ã—ãŸ")[0m
[0m[[0m[33mwarn[0m] [0m[0m                                      ^[0m
[0m[[0m[33mwarn[0m] [0m[0m/Users/rito/Desktop/develop/RyoServerAssist/src/main/scala/com/ryoserver/Commands/SecurityCommand.scala:67:36: method any2stringadd in object Predef is deprecated (since 2.13.0): Implicit injection of + is deprecated. Convert to String to call +[0m
[0m[[0m[33mwarn[0m] [0m[0m      sender.sendMessage(ChatColor.AQUA + "PlayerStatusã‚³ãƒãƒ³ãƒ‰ã§ã®IPæƒ…å ±è¡¨ç¤ºæ©Ÿèƒ½ã‚’æœ‰åŠ¹åŒ–ã—ã¾ã—ãŸã€‚")[0m
[0m[[0m[33mwarn[0m] [0m[0m                                   ^[0m
[0m[[0m[33mwarn[0m] [0m[0m/Users/rito/Desktop/develop/RyoServerAssist/src/main/scala/com/ryoserver/Commands/SecurityCommand.scala:70:36: method any2stringadd in object Predef is deprecated (since 2.13.0): Implicit injection of + is deprecated. Convert to String to call +[0m
[0m[[0m[33mwarn[0m] [0m[0m      sender.sendMessage(ChatColor.AQUA + "PlayerStatusã‚³ãƒãƒ³ãƒ‰ã§ã®IPæƒ…å ±è¡¨ç¤ºæ©Ÿèƒ½ã‚’ç„¡åŠ¹åŒ–ã—ã¾ã—ãŸã€‚")[0m
[0m[[0m[33mwarn[0m] [0m[0m                                   ^[0m
[0m[[0m[33mwarn[0m] [0m[0m/Users/rito/Desktop/develop/RyoServerAssist/src/main/scala/com/ryoserver/Commands/SecurityCommand.scala:77:34: method any2stringadd in object Predef is deprecated (since 2.13.0): Implicit injection of + is deprecated. Convert to String to call +[0m
[0m[[0m[33mwarn[0m] [0m[0m    sender.sendMessage(ChatColor.AQUA + "configã‚’ãƒªãƒ­ãƒ¼ãƒ‰ã—ã¾ã—ãŸã€‚")[0m
[0m[[0m[33mwarn[0m] [0m[0m                                 ^[0m
[0m[[0m[33mwarn[0m] [0m[0m/Users/rito/Desktop/develop/RyoServerAssist/src/main/scala/com/ryoserver/Commands/StickCommand.scala:17:34: method any2stringadd in object Predef is deprecated (since 2.13.0): Implicit injection of + is deprecated. Convert to String to call +[0m
[0m[[0m[33mwarn[0m] [0m[0m    sender.sendMessage(ChatColor.AQUA + "æœ¨ã®æ£’ã‚’ã‚¤ãƒ³ãƒ™ãƒ³ãƒˆãƒªã«é…å¸ƒã—ã¾ã—ãŸã€‚")[0m
[0m[[0m[33mwarn[0m] [0m[0m                                 ^[0m
[0m[[0m[33mwarn[0m] [0m[0m/Users/rito/Desktop/develop/RyoServerAssist/src/main/scala/com/ryoserver/Commands/TitleCommand.scala:21:36: method any2stringadd in object Predef is deprecated (since 2.13.0): Implicit injection of + is deprecated. Convert to String to call +[0m
[0m[[0m[33mwarn[0m] [0m[0m      sender.sendMessage(ChatColor.RED + "æŒ‡å®šã—ãŸç§°å·ã¯å­˜åœ¨ã—ã¾ã›ã‚“ï¼")[0m
[0m[[0m[33mwarn[0m] [0m[0m                                   ^[0m
[0m[[0m[33mwarn[0m] [0m[0m/Users/rito/Desktop/develop/RyoServerAssist/src/main/scala/com/ryoserver/Commands/TitleCommand.scala:26:36: method any2stringadd in object Predef is deprecated (since 2.13.0): Implicit injection of + is deprecated. Convert to String to call +[0m
[0m[[0m[33mwarn[0m] [0m[0m      sender.sendMessage(ChatColor.RED + "æŒ‡å®šã—ãŸãƒ—ãƒ¬ã‚¤ãƒ¤ãƒ¼ã¯æŒ‡å®šã—ãŸç§°å·ã‚’ã™ã§ã«æŒã£ã¦ã„ã¾ã™ï¼")[0m
[0m[[0m[33mwarn[0m] [0m[0m                                   ^[0m
[0m[[0m[33mwarn[0m] [0m[0m/Users/rito/Desktop/develop/RyoServerAssist/src/main/scala/com/ryoserver/Commands/TitleCommand.scala:29:34: method any2stringadd in object Predef is deprecated (since 2.13.0): Implicit injection of + is deprecated. Convert to String to call +[0m
[0m[[0m[33mwarn[0m] [0m[0m    sender.sendMessage(ChatColor.AQUA + args(2) + "ã«ç§°å·" + args(1) + "ã‚’ä»˜ä¸ã—ã¾ã—ãŸã€‚")[0m
[0m[[0m[33mwarn[0m] [0m[0m                                 ^[0m
[0m[[0m[33mwarn[0m] [0m[0m/Users/rito/Desktop/develop/RyoServerAssist/src/main/scala/com/ryoserver/Commands/TitleCommand.scala:34:36: method any2stringadd in object Predef is deprecated (since 2.13.0): Implicit injection of + is deprecated. Convert to String to call +[0m
[0m[[0m[33mwarn[0m] [0m[0m      sender.sendMessage(ChatColor.RED + "æŒ‡å®šã—ãŸç§°å·ã¯å­˜åœ¨ã—ã¾ã›ã‚“ï¼")[0m
[0m[[0m[33mwarn[0m] [0m[0m                                   ^[0m
[0m[[0m[33mwarn[0m] [0m[0m/Users/rito/Desktop/develop/RyoServerAssist/src/main/scala/com/ryoserver/Commands/TitleCommand.scala:39:36: method any2stringadd in object Predef is deprecated (since 2.13.0): Implicit injection of + is deprecated. Convert to String to call +[0m
[0m[[0m[33mwarn[0m] [0m[0m      sender.sendMessage(ChatColor.RED + "æŒ‡å®šã—ãŸãƒ—ãƒ¬ã‚¤ãƒ¤ãƒ¼ã¯æŒ‡å®šã—ãŸç§°å·ã‚’æŒã£ã¦ã„ã¾ã›ã‚“ï¼")[0m
[0m[[0m[33mwarn[0m] [0m[0m                                   ^[0m
[0m[[0m[33mwarn[0m] [0m[0m/Users/rito/Desktop/develop/RyoServerAssist/src/main/scala/com/ryoserver/Commands/TitleCommand.scala:42:34: method any2stringadd in object Predef is deprecated (since 2.13.0): Implicit injection of + is deprecated. Convert to String to call +[0m
[0m[[0m[33mwarn[0m] [0m[0m    sender.sendMessage(ChatColor.AQUA + args(2) + "ã‹ã‚‰ç§°å·" + args(1) + "ã‚’å‰¥å¥ªã—ã¾ã—ãŸã€‚")[0m
[0m[[0m[33mwarn[0m] [0m[0m                                 ^[0m
[0m[[0m[33mwarn[0m] [0m[0m/Users/rito/Desktop/develop/RyoServerAssist/src/main/scala/com/ryoserver/Commands/TpaCommand.scala:22:36: method any2stringadd in object Predef is deprecated (since 2.13.0): Implicit injection of + is deprecated. Convert to String to call +[0m
[0m[[0m[33mwarn[0m] [0m[0m      sender.sendMessage(ChatColor.RED + args(1) + "ã¯ç¾åœ¨ã‚ªãƒ•ãƒ©ã‚¤ãƒ³ã®ãŸã‚ã€tpaã‚’è¡Œã†ã“ã¨ãŒã§ãã¾ã›ã‚“ï¼")[0m
[0m[[0m[33mwarn[0m] [0m[0m                                   ^[0m
[0m[[0m[33mwarn[0m] [0m[0m/Users/rito/Desktop/develop/RyoServerAssist/src/main/scala/com/ryoserver/Distribution/Distribution.scala:22:40: method any2stringadd in object Predef is deprecated (since 2.13.0): Implicit injection of + is deprecated. Convert to String to call +[0m
[0m[[0m[33mwarn[0m] [0m[0m      sendPlayer.sendMessage(ChatColor.RED + "ä¸æ˜ãªã‚¬ãƒãƒ£åˆ¸ã®ã‚¿ã‚¤ãƒ—ãŒæŒ‡å®šã•ã‚Œã¾ã—ãŸã€‚")[0m
[0m[[0m[33mwarn[0m] [0m[0m                                       ^[0m
[0m[[0m[33mwarn[0m] [0m[0m/Users/rito/Desktop/develop/RyoServerAssist/src/main/scala/com/ryoserver/Distribution/Distribution.scala:26:40: method any2stringadd in object Predef is deprecated (since 2.13.0): Implicit injection of + is deprecated. Convert to String to call +[0m
[0m[[0m[33mwarn[0m] [0m[0m      sendPlayer.sendMessage(ChatColor.RED + "ã‚¬ãƒãƒ£åˆ¸ã®é…å¸ƒé‡ã¯576å€‹ã‚’è¶…ãˆãªã„ã‚ˆã†ã«æŒ‡å®šã—ã¦ãã ã•ã„ï¼")[0m
[0m[[0m[33mwarn[0m] [0m[0m                                       ^[0m
[0m[[0m[33mwarn[0m] [0m[0m/Users/rito/Desktop/develop/RyoServerAssist/src/main/scala/com/ryoserver/Distribution/Distribution.scala:32:38: method any2stringadd in object Predef is deprecated (since 2.13.0): Implicit injection of + is deprecated. Convert to String to call +[0m
[0m[[0m[33mwarn[0m] [0m[0m    sendPlayer.sendMessage(ChatColor.AQUA + "ã‚¬ãƒãƒ£åˆ¸ã‚’é…å¸ƒã—ã¾ã—ãŸï¼")[0m
[0m[[0m[33mwarn[0m] [0m[0m                                     ^[0m
[0m[[0m[33mwarn[0m] [0m[0m/Users/rito/Desktop/develop/RyoServerAssist/src/main/scala/com/ryoserver/Distribution/Distribution.scala:33:39: method any2stringadd in object Predef is deprecated (since 2.13.0): Implicit injection of + is deprecated. Convert to String to call +[0m
[0m[[0m[33mwarn[0m] [0m[0m    Bukkit.broadcastMessage(ChatColor.YELLOW + s"[ãŠçŸ¥ã‚‰ã›]${ChatColor.RESET}é‹å–¶ã‚ˆã‚Šã‚¬ãƒãƒ£åˆ¸ãŒé…å¸ƒã•ã‚Œã¾ã—ãŸã€‚")[0m
[0m[[0m[33mwarn[0m] [0m[0m                                      ^[0m
[0m[[0m[33mwarn[0m] [0m[0m/Users/rito/Desktop/develop/RyoServerAssist/src/main/scala/com/ryoserver/Distribution/Distribution.scala:58:31: method any2stringadd in object Predef is deprecated (since 2.13.0): Implicit injection of + is deprecated. Convert to String to call +[0m
[0m[[0m[33mwarn[0m] [0m[0m      p.sendMessage(ChatColor.AQUA + "é‹å–¶ã‹ã‚‰ã®ã‚¬ãƒãƒ£åˆ¸ã‚’å—ã‘å–ã‚Šã¾ã—ãŸã€‚")[0m
[0m[[0m[33mwarn[0m] [0m[0m                              ^[0m
[0m[[0m[33mwarn[0m] [0m[0m/Users/rito/Desktop/develop/RyoServerAssist/src/main/scala/com/ryoserver/DustBox/DustBoxInventoryEvent.scala:20:37: method any2stringadd in object Predef is deprecated (since 2.13.0): Implicit injection of + is deprecated. Convert to String to call +[0m
[0m[[0m[33mwarn[0m] [0m[0m            p.sendMessage(ChatColor.RED + "ã‚¢ã‚¤ãƒ†ãƒ ã‚’è¿”å´ã—ã¾ã—ãŸã€‚")[0m
[0m[[0m[33mwarn[0m] [0m[0m                                    ^[0m
[0m[[0m[33mwarn[0m] [0m[0m/Users/rito/Desktop/develop/RyoServerAssist/src/main/scala/com/ryoserver/Gacha/Gacha.scala:49:33: method any2stringadd in object Predef is deprecated (since 2.13.0): Implicit injection of + is deprecated. Convert to String to call +[0m
[0m[[0m[33mwarn[0m] [0m[0m        p.sendMessage(ChatColor.AQUA + getItemAmount.toString + "å›ã‚¬ãƒãƒ£ã‚’å¼•ãã¾ã—ãŸï¼")[0m
[0m[[0m[33mwarn[0m] [0m[0m                                ^[0m
[0m[[0m[33mwarn[0m] [0m[0m/Users/rito/Desktop/develop/RyoServerAssist/src/main/scala/com/ryoserver/Gacha/Gacha.scala:50:33: method any2stringadd in object Predef is deprecated (since 2.13.0): Implicit injection of + is deprecated. Convert to String to call +[0m
[0m[[0m[33mwarn[0m] [0m[0m        p.sendMessage(ChatColor.AQUA + s"ç‰¹ç­‰x$special,å¤§å½“ãŸã‚Šx$bigPer,ã‚ãŸã‚Šx$per,ã¯ãšã‚Œx${miss}å€‹å‡ºã¾ã—ãŸï¼")[0m
[0m[[0m[33mwarn[0m] [0m[0m                                ^[0m
[0m[[0m[33mwarn[0m] [0m[0m/Users/rito/Desktop/develop/RyoServerAssist/src/main/scala/com/ryoserver/Gacha/Gacha.scala:63:37: method any2stringadd in object Predef is deprecated (since 2.13.0): Implicit injection of + is deprecated. Convert to String to call +[0m
[0m[[0m[33mwarn[0m] [0m[0m            p.sendMessage(ChatColor.AQUA + "ç‰¹ç­‰ï¼")[0m
[0m[[0m[33mwarn[0m] [0m[0m                                    ^[0m
[0m[[0m[33mwarn[0m] [0m[0m/Users/rito/Desktop/develop/RyoServerAssist/src/main/scala/com/ryoserver/Gacha/Gacha.scala:66:37: method any2stringadd in object Predef is deprecated (since 2.13.0): Implicit injection of + is deprecated. Convert to String to call +[0m
[0m[[0m[33mwarn[0m] [0m[0m            p.sendMessage(ChatColor.AQUA + "ã‚ãŸã‚Šï¼")[0m
[0m[[0m[33mwarn[0m] [0m[0m                                    ^[0m
[0m[[0m[33mwarn[0m] [0m[0m/Users/rito/Desktop/develop/RyoServerAssist/src/main/scala/com/ryoserver/Gacha/Gacha.scala:69:37: method any2stringadd in object Predef is deprecated (since 2.13.0): Implicit injection of + is deprecated. Convert to String to call +[0m
[0m[[0m[33mwarn[0m] [0m[0m            p.sendMessage(ChatColor.AQUA + "å¤§å½“ãŸã‚Šï¼")[0m
[0m[[0m[33mwarn[0m] [0m[0m                                    ^[0m
[0m[[0m[33mwarn[0m] [0m[0m/Users/rito/Desktop/develop/RyoServerAssist/src/main/scala/com/ryoserver/Gacha/Gacha.scala:72:37: method any2stringadd in object Predef is deprecated (since 2.13.0): Implicit injection of + is deprecated. Convert to String to call +[0m
[0m[[0m[33mwarn[0m] [0m[0m            p.sendMessage(ChatColor.AQUA + "ã¯ãšã‚Œï¼")[0m
[0m[[0m[33mwarn[0m] [0m[0m                                    ^[0m
[0m[[0m[33mwarn[0m] [0m[0m/Users/rito/Desktop/develop/RyoServerAssist/src/main/scala/com/ryoserver/Gacha/GachaAddItemInventoryEvent.scala:21:33: method any2stringadd in object Predef is deprecated (since 2.13.0): Implicit injection of + is deprecated. Convert to String to call +[0m
[0m[[0m[33mwarn[0m] [0m[0m        p.sendMessage(ChatColor.AQUA + "ã¯ãšã‚Œã‚¬ãƒãƒ£ã‚¢ã‚¤ãƒ†ãƒ ã‚’è¿½åŠ ã—ã¾ã—ãŸã€‚")[0m
[0m[[0m[33mwarn[0m] [0m[0m                                ^[0m
[0m[[0m[33mwarn[0m] [0m[0m/Users/rito/Desktop/develop/RyoServerAssist/src/main/scala/com/ryoserver/Gacha/GachaAddItemInventoryEvent.scala:25:33: method any2stringadd in object Predef is deprecated (since 2.13.0): Implicit injection of + is deprecated. Convert to String to call +[0m
[0m[[0m[33mwarn[0m] [0m[0m        p.sendMessage(ChatColor.AQUA + "ã‚ãŸã‚Šã‚¬ãƒãƒ£ã‚¢ã‚¤ãƒ†ãƒ ã‚’è¿½åŠ ã—ã¾ã—ãŸã€‚")[0m
[0m[[0m[33mwarn[0m] [0m[0m                                ^[0m
[0m[[0m[33mwarn[0m] [0m[0m/Users/rito/Desktop/develop/RyoServerAssist/src/main/scala/com/ryoserver/Gacha/GachaAddItemInventoryEvent.scala:29:33: method any2stringadd in object Predef is deprecated (since 2.13.0): Implicit injection of + is deprecated. Convert to String to call +[0m
[0m[[0m[33mwarn[0m] [0m[0m        p.sendMessage(ChatColor.AQUA + "å¤§å½“ãŸã‚Šã‚¬ãƒãƒ£ã‚¢ã‚¤ãƒ†ãƒ ã‚’è¿½åŠ ã—ã¾ã—ãŸã€‚")[0m
[0m[[0m[33mwarn[0m] [0m[0m                                ^[0m
[0m[[0m[33mwarn[0m] [0m[0m/Users/rito/Desktop/develop/RyoServerAssist/src/main/scala/com/ryoserver/Gacha/GachaAddItemInventoryEvent.scala:33:33: method any2stringadd in object Predef is deprecated (since 2.13.0): Implicit injection of + is deprecated. Convert to String to call +[0m
[0m[[0m[33mwarn[0m] [0m[0m        p.sendMessage(ChatColor.AQUA + "ç‰¹ç­‰ã‚¬ãƒãƒ£ã‚¢ã‚¤ãƒ†ãƒ ã‚’è¿½åŠ ã—ã¾ã—ãŸã€‚")[0m
[0m[[0m[33mwarn[0m] [0m[0m                                ^[0m
[0m[[0m[33mwarn[0m] [0m[0m/Users/rito/Desktop/develop/RyoServerAssist/src/main/scala/com/ryoserver/Gacha/GachaItemChangeGUI.scala:49:31: method any2stringadd in object Predef is deprecated (since 2.13.0): Implicit injection of + is deprecated. Convert to String to call +[0m
[0m[[0m[33mwarn[0m] [0m[0m      p.sendMessage(ChatColor.AQUA + "ç‰¹ç­‰ã‚¢ã‚¤ãƒ†ãƒ ã‚’" + changeAmount + "å€‹ã®ã‚¹ã‚­ãƒ«å›å¾©(å¤§)ã¨äº¤æ›ã—ã¾ã—ãŸã€‚")[0m
[0m[[0m[33mwarn[0m] [0m[0m                              ^[0m
[0m[[0m[33mwarn[0m] [0m[0m/Users/rito/Desktop/develop/RyoServerAssist/src/main/scala/com/ryoserver/Gacha/GachaItemChangeGUI.scala:70:40: method any2stringadd in object Predef is deprecated (since 2.13.0): Implicit injection of + is deprecated. Convert to String to call +[0m
[0m[[0m[33mwarn[0m] [0m[0m    if (check) p.sendMessage(ChatColor.RED + "ä¸è¦ãªã‚¢ã‚¤ãƒ†ãƒ ã‚’è¿”å´ã—ã¾ã—ãŸã€‚")[0m
[0m[[0m[33mwarn[0m] [0m[0m                                       ^[0m
[0m[[0m[33mwarn[0m] [0m[0m/Users/rito/Desktop/develop/RyoServerAssist/src/main/scala/com/ryoserver/Gacha/GachaPaperData.scala:13:17: method any2stringadd in object Predef is deprecated (since 2.13.0): Implicit injection of + is deprecated. Convert to String to call +[0m
[0m[[0m[33mwarn[0m] [0m[0m      ChatColor.WHITE + "æ‰‹ã«æŒã£ã¦å³ã‚¯ãƒªãƒƒã‚¯ã§å¼•ã‘ã¾ã™"[0m
[0m[[0m[33mwarn[0m] [0m[0m                ^[0m
[0m[[0m[33mwarn[0m] [0m[0m/Users/rito/Desktop/develop/RyoServerAssist/src/main/scala/com/ryoserver/Gacha/GachaPaperData.scala:20:17: method any2stringadd in object Predef is deprecated (since 2.13.0): Implicit injection of + is deprecated. Convert to String to call +[0m
[0m[[0m[33mwarn[0m] [0m[0m      ChatColor.WHITE + "æ‰‹ã«æŒã£ã¦å³ã‚¯ãƒªãƒƒã‚¯ã§å¼•ã‘ã¾ã™",[0m
[0m[[0m[33mwarn[0m] [0m[0m                ^[0m
[0m[[0m[33mwarn[0m] [0m[0m/Users/rito/Desktop/develop/RyoServerAssist/src/main/scala/com/ryoserver/Gacha/GachaPaperData.scala:21:17: method any2stringadd in object Predef is deprecated (since 2.13.0): Implicit injection of + is deprecated. Convert to String to call +[0m
[0m[[0m[33mwarn[0m] [0m[0m      ChatColor.WHITE + "é‹å–¶ã‹ã‚‰ã®ãŠè©«ã³ã§ã™"[0m
[0m[[0m[33mwarn[0m] [0m[0m                ^[0m
[0m[[0m[33mwarn[0m] [0m[0m/Users/rito/Desktop/develop/RyoServerAssist/src/main/scala/com/ryoserver/Gacha/GachaPaperData.scala:28:17: method any2stringadd in object Predef is deprecated (since 2.13.0): Implicit injection of + is deprecated. Convert to String to call +[0m
[0m[[0m[33mwarn[0m] [0m[0m      ChatColor.WHITE + "ã‚¯ãƒªãƒƒã‚¯ã§å…¥æ‰‹ã—ã¾ã™ã€‚"[0m
[0m[[0m[33mwarn[0m] [0m[0m                ^[0m
[0m[[0m[33mwarn[0m] [0m[0m/Users/rito/Desktop/develop/RyoServerAssist/src/main/scala/com/ryoserver/Gacha/GetGachaTickets.scala:15:31: method any2stringadd in object Predef is deprecated (since 2.13.0): Implicit injection of + is deprecated. Convert to String to call +[0m
[0m[[0m[33mwarn[0m] [0m[0m      p.sendMessage(ChatColor.AQUA + "ã‚¬ãƒãƒ£åˆ¸ã‚’å—ã‘å–ã‚Šã¾ã—ãŸã€‚")[0m
[0m[[0m[33mwarn[0m] [0m[0m                              ^[0m
[0m[[0m[33mwarn[0m] [0m[0m/Users/rito/Desktop/develop/RyoServerAssist/src/main/scala/com/ryoserver/Gacha/GetGachaTickets.scala:18:31: method any2stringadd in object Predef is deprecated (since 2.13.0): Implicit injection of + is deprecated. Convert to String to call +[0m
[0m[[0m[33mwarn[0m] [0m[0m      p.sendMessage(ChatColor.RED + "å—ã‘å–ã‚Œã‚‹ã‚¬ãƒãƒ£åˆ¸ãŒã‚ã‚Šã¾ã›ã‚“ï¼")[0m
[0m[[0m[33mwarn[0m] [0m[0m                              ^[0m
[0m[[0m[33mwarn[0m] [0m[0m/Users/rito/Desktop/develop/RyoServerAssist/src/main/scala/com/ryoserver/Home/Home.scala:35:31: method any2stringadd in object Predef is deprecated (since 2.13.0): Implicit injection of + is deprecated. Convert to String to call +[0m
[0m[[0m[33mwarn[0m] [0m[0m      p.sendMessage(ChatColor.RED + "ç¾åœ¨ãƒ›ãƒ¼ãƒ æ©Ÿèƒ½ãŒåˆ©ç”¨ã§ãã¾ã›ã‚“ï¼")[0m
[0m[[0m[33mwarn[0m] [0m[0m                              ^[0m
[0m[[0m[33mwarn[0m] [0m[0m/Users/rito/Desktop/develop/RyoServerAssist/src/main/scala/com/ryoserver/Home/Home.scala:41:31: method any2stringadd in object Predef is deprecated (since 2.13.0): Implicit injection of + is deprecated. Convert to String to call +[0m
[0m[[0m[33mwarn[0m] [0m[0m      p.sendMessage(ChatColor.RED + "ãƒ›ãƒ¼ãƒ ãŒãƒ­ãƒƒã‚¯ã•ã‚Œã¦ã„ã¾ã™ï¼")[0m
[0m[[0m[33mwarn[0m] [0m[0m                              ^[0m
[0m[[0m[33mwarn[0m] [0m[0m/Users/rito/Desktop/develop/RyoServerAssist/src/main/scala/com/ryoserver/Home/Home.scala:49:29: method any2stringadd in object Predef is deprecated (since 2.13.0): Implicit injection of + is deprecated. Convert to String to call +[0m
[0m[[0m[33mwarn[0m] [0m[0m    p.sendMessage(ChatColor.AQUA + "ãƒ›ãƒ¼ãƒ ãƒã‚¤ãƒ³ãƒˆ" + point + "ã‚’è¨­å®šã—ã¾ã—ãŸã€‚")[0m
[0m[[0m[33mwarn[0m] [0m[0m                            ^[0m
[0m[[0m[33mwarn[0m] [0m[0m/Users/rito/Desktop/develop/RyoServerAssist/src/main/scala/com/ryoserver/Home/Home.scala:56:31: method any2stringadd in object Predef is deprecated (since 2.13.0): Implicit injection of + is deprecated. Convert to String to call +[0m
[0m[[0m[33mwarn[0m] [0m[0m      p.sendMessage(ChatColor.RED + "ç¾åœ¨ãƒ›ãƒ¼ãƒ æ©Ÿèƒ½ã‚’åˆ©ç”¨ã§ãã¾ã›ã‚“ï¼")[0m
[0m[[0m[33mwarn[0m] [0m[0m                              ^[0m
[0m[[0m[33mwarn[0m] [0m[0m/Users/rito/Desktop/develop/RyoServerAssist/src/main/scala/com/ryoserver/Home/Home.scala:62:31: method any2stringadd in object Predef is deprecated (since 2.13.0): Implicit injection of + is deprecated. Convert to String to call +[0m
[0m[[0m[33mwarn[0m] [0m[0m      p.sendMessage(ChatColor.RED + "ãƒ›ãƒ¼ãƒ ãŒç™»éŒ²ã•ã‚Œã¦ã„ã¾ã›ã‚“ï¼")[0m
[0m[[0m[33mwarn[0m] [0m[0m                              ^[0m
[0m[[0m[33mwarn[0m] [0m[0m/Users/rito/Desktop/develop/RyoServerAssist/src/main/scala/com/ryoserver/Home/Home.scala:75:31: method any2stringadd in object Predef is deprecated (since 2.13.0): Implicit injection of + is deprecated. Convert to String to call +[0m
[0m[[0m[33mwarn[0m] [0m[0m      p.sendMessage(ChatColor.AQUA + "ãƒ›ãƒ¼ãƒ " + point + "ã«ãƒ†ãƒ¬ãƒãƒ¼ãƒˆã—ã¾ã—ãŸï¼")[0m
[0m[[0m[33mwarn[0m] [0m[0m                              ^[0m
[0m[[0m[33mwarn[0m] [0m[0m/Users/rito/Desktop/develop/RyoServerAssist/src/main/scala/com/ryoserver/Home/Home.scala:87:31: method any2stringadd in object Predef is deprecated (since 2.13.0): Implicit injection of + is deprecated. Convert to String to call +[0m
[0m[[0m[33mwarn[0m] [0m[0m      p.sendMessage(ChatColor.RED + "ç¾åœ¨ãƒ›ãƒ¼ãƒ æ©Ÿèƒ½ãŒåˆ©ç”¨ã§ãã¾ã›ã‚“ï¼")[0m
[0m[[0m[33mwarn[0m] [0m[0m                              ^[0m
[0m[[0m[33mwarn[0m] [0m[0m/Users/rito/Desktop/develop/RyoServerAssist/src/main/scala/com/ryoserver/Home/Home.scala:92:31: method any2stringadd in object Predef is deprecated (since 2.13.0): Implicit injection of + is deprecated. Convert to String to call +[0m
[0m[[0m[33mwarn[0m] [0m[0m      p.sendMessage(ChatColor.RED + "ã‚¹ãƒ†ãƒ¼ã‚¿ã‚¹ãŒå¤‰æ›´ã§ãã¾ã›ã‚“ã§ã—ãŸï¼")[0m
[0m[[0m[33mwarn[0m] [0m[0m                              ^[0m
[0m[[0m[33mwarn[0m] [0m[0m/Users/rito/Desktop/develop/RyoServerAssist/src/main/scala/com/ryoserver/Home/Home.scala:106:35: method any2stringadd in object Predef is deprecated (since 2.13.0): Implicit injection of + is deprecated. Convert to String to call +[0m
[0m[[0m[33mwarn[0m] [0m[0m          p.sendMessage(ChatColor.RED + "ç¾åœ¨ãƒ›ãƒ¼ãƒ æ©Ÿèƒ½ãŒåˆ©ç”¨ã§ãã¾ã›ã‚“ï¼")[0m
[0m[[0m[33mwarn[0m] [0m[0m                                  ^[0m
[0m[[0m[33mwarn[0m] [0m[0m/Users/rito/Desktop/develop/RyoServerAssist/src/main/scala/com/ryoserver/Level/Player/UpdateLevel.scala:47:31: method any2stringadd in object Predef is deprecated (since 2.13.0): Implicit injection of + is deprecated. Convert to String to call +[0m
[0m[[0m[33mwarn[0m] [0m[0m      p.sendMessage(ChatColor.AQUA + "ãƒœãƒ¼ãƒŠã‚¹ç™ºç”Ÿï¼")[0m
[0m[[0m[33mwarn[0m] [0m[0m                              ^[0m
[0m[[0m[33mwarn[0m] [0m[0m/Users/rito/Desktop/develop/RyoServerAssist/src/main/scala/com/ryoserver/Level/Player/UpdateLevel.scala:48:31: method any2stringadd in object Predef is deprecated (since 2.13.0): Implicit injection of + is deprecated. Convert to String to call +[0m
[0m[[0m[33mwarn[0m] [0m[0m      p.sendMessage(ChatColor.AQUA + "expé‡ãŒ1.2å€ã«ãªã‚Šã¾ã—ãŸï¼")[0m
[0m[[0m[33mwarn[0m] [0m[0m                              ^[0m
[0m[[0m[33mwarn[0m] [0m[0m/Users/rito/Desktop/develop/RyoServerAssist/src/main/scala/com/ryoserver/Level/Player/UpdateLevel.scala:50:31: method any2stringadd in object Predef is deprecated (since 2.13.0): Implicit injection of + is deprecated. Convert to String to call +[0m
[0m[[0m[33mwarn[0m] [0m[0m      p.sendMessage(ChatColor.AQUA + addExp.toString + "->" + String.format("%.2f", exp))[0m
[0m[[0m[33mwarn[0m] [0m[0m                              ^[0m
[0m[[0m[33mwarn[0m] [0m[0m/Users/rito/Desktop/develop/RyoServerAssist/src/main/scala/com/ryoserver/Level/Player/UpdateLevel.scala:83:31: method any2stringadd in object Predef is deprecated (since 2.13.0): Implicit injection of + is deprecated. Convert to String to call +[0m
[0m[[0m[33mwarn[0m] [0m[0m      p.sendMessage(ChatColor.AQUA + "ãŠã‚ã§ã¨ã†ã”ã–ã„ã¾ã™ï¼ãƒ¬ãƒ™ãƒ«ãŒä¸ŠãŒã‚Šã¾ã—ãŸï¼")[0m
[0m[[0m[33mwarn[0m] [0m[0m                              ^[0m
[0m[[0m[33mwarn[0m] [0m[0m/Users/rito/Desktop/develop/RyoServerAssist/src/main/scala/com/ryoserver/Level/Player/UpdateLevel.scala:84:31: method any2stringadd in object Predef is deprecated (since 2.13.0): Implicit injection of + is deprecated. Convert to String to call +[0m
[0m[[0m[33mwarn[0m] [0m[0m      p.sendMessage(ChatColor.AQUA + "Lv." + old_level + "â†’ Lv." + nowLevel)[0m
[0m[[0m[33mwarn[0m] [0m[0m                              ^[0m
[0m[[0m[33mwarn[0m] [0m[0m/Users/rito/Desktop/develop/RyoServerAssist/src/main/scala/com/ryoserver/Level/Player/UpdateLevel.scala:87:43: method any2stringadd in object Predef is deprecated (since 2.13.0): Implicit injection of + is deprecated. Convert to String to call +[0m
[0m[[0m[33mwarn[0m] [0m[0m        Bukkit.broadcastMessage(ChatColor.AQUA + p.getName + "ã•ã‚“ãŒLv." + maxLv + "ã«åˆ°é”ã—ã¾ã—ãŸï¼")[0m
[0m[[0m[33mwarn[0m] [0m[0m                                          ^[0m
[0m[[0m[33mwarn[0m] [0m[0m/Users/rito/Desktop/develop/RyoServerAssist/src/main/scala/com/ryoserver/Menu/MenuMotion.scala:28:31: method any2stringadd in object Predef is deprecated (since 2.13.0): Implicit injection of + is deprecated. Convert to String to call +[0m
[0m[[0m[33mwarn[0m] [0m[0m      p.sendMessage(ChatColor.AQUA + "worldã®ã‚¹ãƒãƒ¼ãƒ³åœ°ç‚¹ã«ãƒ†ãƒ¬ãƒãƒ¼ãƒˆã—ã¾ã—ãŸï¼")[0m
[0m[[0m[33mwarn[0m] [0m[0m                              ^[0m
[0m[[0m[33mwarn[0m] [0m[0m/Users/rito/Desktop/develop/RyoServerAssist/src/main/scala/com/ryoserver/Menu/MenuMotion.scala:31:31: method any2stringadd in object Predef is deprecated (since 2.13.0): Implicit injection of + is deprecated. Convert to String to call +[0m
[0m[[0m[33mwarn[0m] [0m[0m      p.sendMessage(ChatColor.AQUA + "ã‚¹ãƒãƒ¼ãƒ³åœ°ç‚¹ã«ãƒ†ãƒ¬ãƒãƒ¼ãƒˆã—ã¾ã—ãŸï¼")[0m
[0m[[0m[33mwarn[0m] [0m[0m                              ^[0m
[0m[[0m[33mwarn[0m] [0m[0m/Users/rito/Desktop/develop/RyoServerAssist/src/main/scala/com/ryoserver/Menu/MenuMotion.scala:47:33: method any2stringadd in object Predef is deprecated (since 2.13.0): Implicit injection of + is deprecated. Convert to String to call +[0m
[0m[[0m[33mwarn[0m] [0m[0m        p.sendMessage(ChatColor.UNDERLINE + ryoServerAssist.getConfig.getString("webSite"))[0m
[0m[[0m[33mwarn[0m] [0m[0m                                ^[0m
[0m[[0m[33mwarn[0m] [0m[0m/Users/rito/Desktop/develop/RyoServerAssist/src/main/scala/com/ryoserver/Menu/MenuMotion.scala:49:33: method any2stringadd in object Predef is deprecated (since 2.13.0): Implicit injection of + is deprecated. Convert to String to call +[0m
[0m[[0m[33mwarn[0m] [0m[0m        p.sendMessage(ChatColor.UNDERLINE + ryoServerAssist.getConfig.getString("dynmap"))[0m
[0m[[0m[33mwarn[0m] [0m[0m                                ^[0m
[0m[[0m[33mwarn[0m] [0m[0m/Users/rito/Desktop/develop/RyoServerAssist/src/main/scala/com/ryoserver/Menu/MenuMotion.scala:51:33: method any2stringadd in object Predef is deprecated (since 2.13.0): Implicit injection of + is deprecated. Convert to String to call +[0m
[0m[[0m[33mwarn[0m] [0m[0m        p.sendMessage(ChatColor.UNDERLINE + ryoServerAssist.getConfig.getStringList("voteSite").toArray()(0).toString)[0m
[0m[[0m[33mwarn[0m] [0m[0m                                ^[0m
[0m[[0m[33mwarn[0m] [0m[0m/Users/rito/Desktop/develop/RyoServerAssist/src/main/scala/com/ryoserver/Menu/MenuMotion.scala:52:33: method any2stringadd in object Predef is deprecated (since 2.13.0): Implicit injection of + is deprecated. Convert to String to call +[0m
[0m[[0m[33mwarn[0m] [0m[0m        p.sendMessage(ChatColor.UNDERLINE + ryoServerAssist.getConfig.getStringList("voteSite").toArray()(1).toString)[0m
[0m[[0m[33mwarn[0m] [0m[0m                                ^[0m
[0m[[0m[33mwarn[0m] [0m[0m/Users/rito/Desktop/develop/RyoServerAssist/src/main/scala/com/ryoserver/NeoStack/Menu/CategorySelectMenu.scala:39:31: method any2stringadd in object Predef is deprecated (since 2.13.0): Implicit injection of + is deprecated. Convert to String to call +[0m
[0m[[0m[33mwarn[0m] [0m[0m      p.sendMessage(ChatColor.RED + "neoStackã¯Lv.20ä»¥ä¸Šã«ãªã‚‹ã¨ä½¿ã†ã“ã¨ãŒã§ãã¾ã™ã€‚")[0m
[0m[[0m[33mwarn[0m] [0m[0m                              ^[0m
[0m[[0m[33mwarn[0m] [0m[0m/Users/rito/Desktop/develop/RyoServerAssist/src/main/scala/com/ryoserver/NeoStack/Menu/CategorySelectMenu.scala:82:33: method any2stringadd in object Predef is deprecated (since 2.13.0): Implicit injection of + is deprecated. Convert to String to call +[0m
[0m[[0m[33mwarn[0m] [0m[0m        p.sendMessage(ChatColor.AQUA + "ã‚¤ãƒ³ãƒ™ãƒ³ãƒˆãƒªå†…ã®ã‚¢ã‚¤ãƒ†ãƒ ã‚’ã™ã¹ã¦neoStackã«åç´ã—ã¾ã—ãŸã€‚")[0m
[0m[[0m[33mwarn[0m] [0m[0m                                ^[0m
[0m[[0m[33mwarn[0m] [0m[0m/Users/rito/Desktop/develop/RyoServerAssist/src/main/scala/com/ryoserver/NeoStack/Menu/NeoStackEditGUI.scala:63:31: method any2stringadd in object Predef is deprecated (since 2.13.0): Implicit injection of + is deprecated. Convert to String to call +[0m
[0m[[0m[33mwarn[0m] [0m[0m      p.sendMessage(ChatColor.AQUA + "ã‚«ãƒ†ã‚´ãƒªãƒªã‚¹ãƒˆ:" + getSelectedCategory(p) + "ã‚’ç·¨é›†ã—ã¾ã—ãŸã€‚")[0m
[0m[[0m[33mwarn[0m] [0m[0m                              ^[0m
[0m[[0m[33mwarn[0m] [0m[0m/Users/rito/Desktop/develop/RyoServerAssist/src/main/scala/com/ryoserver/OriginalItem/OriginalItems.scala:31:27: method any2stringadd in object Predef is deprecated (since 2.13.0): Implicit injection of + is deprecated. Convert to String to call +[0m
[0m[[0m[33mwarn[0m] [0m[0m    itemMeta.setLore(List(WHITE + "ã‚ªãƒ•ãƒãƒ³ãƒ‰ã«æŒã¤ã¨ãƒˆãƒ¼ãƒ†ãƒ åŠ¹æœãŒç™ºå‹•ã—ã¾ã™ã€‚", WHITE + "è€ä¹…å€¤åˆ†ã ã‘ä½¿ãˆã¾ã™ã€‚").asJava)[0m
[0m[[0m[33mwarn[0m] [0m[0m                          ^[0m
[0m[[0m[33mwarn[0m] [0m[0m/Users/rito/Desktop/develop/RyoServerAssist/src/main/scala/com/ryoserver/OriginalItem/OriginalItems.scala:31:61: method any2stringadd in object Predef is deprecated (since 2.13.0): Implicit injection of + is deprecated. Convert to String to call +[0m
[0m[[0m[33mwarn[0m] [0m[0m    itemMeta.setLore(List(WHITE + "ã‚ªãƒ•ãƒãƒ³ãƒ‰ã«æŒã¤ã¨ãƒˆãƒ¼ãƒ†ãƒ åŠ¹æœãŒç™ºå‹•ã—ã¾ã™ã€‚", WHITE + "è€ä¹…å€¤åˆ†ã ã‘ä½¿ãˆã¾ã™ã€‚").asJava)[0m
[0m[[0m[33mwarn[0m] [0m[0m                                                            ^[0m
[0m[[0m[33mwarn[0m] [0m[0m/Users/rito/Desktop/develop/RyoServerAssist/src/main/scala/com/ryoserver/Player/CreateData.scala:15:31: method any2stringadd in object Predef is deprecated (since 2.13.0): Implicit injection of + is deprecated. Convert to String to call +[0m
[0m[[0m[33mwarn[0m] [0m[0m      p.sendMessage(ChatColor.RED + "ãƒ—ãƒ¬ã‚¤ãƒ¤ãƒ¼ãƒ‡ãƒ¼ã‚¿ã®ä½œæˆã«å¤±æ•—ã—ã¾ã—ãŸã€‚")[0m
[0m[[0m[33mwarn[0m] [0m[0m                              ^[0m
[0m[[0m[33mwarn[0m] [0m[0m/Users/rito/Desktop/develop/RyoServerAssist/src/main/scala/com/ryoserver/Player/CreateData.scala:41:41: method any2stringadd in object Predef is deprecated (since 2.13.0): Implicit injection of + is deprecated. Convert to String to call +[0m
[0m[[0m[33mwarn[0m] [0m[0m      Bukkit.broadcastMessage(ChatColor.AQUA + p.getName + "ã•ã‚“ãŒåˆå‚åŠ ã—ã¾ã—ãŸï¼")[0m
[0m[[0m[33mwarn[0m] [0m[0m                                        ^[0m
[0m[[0m[33mwarn[0m] [0m[0m/Users/rito/Desktop/develop/RyoServerAssist/src/main/scala/com/ryoserver/Profile/ProfileSettingCommands.scala:12:36: method any2stringadd in object Predef is deprecated (since 2.13.0): Implicit injection of + is deprecated. Convert to String to call +[0m
[0m[[0m[33mwarn[0m] [0m[0m      sender.sendMessage(ChatColor.RED + "å¼•æ•°ãŒä¸æ­£ã§ã™ã€‚")[0m
[0m[[0m[33mwarn[0m] [0m[0m                                   ^[0m
[0m[[0m[33mwarn[0m] [0m[0m/Users/rito/Desktop/develop/RyoServerAssist/src/main/scala/com/ryoserver/Profile/ProfileSettingCommands.scala:18:36: method any2stringadd in object Predef is deprecated (since 2.13.0): Implicit injection of + is deprecated. Convert to String to call +[0m
[0m[[0m[33mwarn[0m] [0m[0m      sender.sendMessage(ChatColor.AQUA + "ã‚ãªãŸã®ãƒ—ãƒ­ãƒ•ã‚£ãƒ¼ãƒ«æƒ…å ±")[0m
[0m[[0m[33mwarn[0m] [0m[0m                                   ^[0m
[0m[[0m[33mwarn[0m] [0m[0m/Users/rito/Desktop/develop/RyoServerAssist/src/main/scala/com/ryoserver/Profile/ProfileSettingCommands.scala:19:36: method any2stringadd in object Predef is deprecated (since 2.13.0): Implicit injection of + is deprecated. Convert to String to call +[0m
[0m[[0m[33mwarn[0m] [0m[0m      sender.sendMessage(ChatColor.AQUA + "Twitter: " + profile("Twitter"))[0m
[0m[[0m[33mwarn[0m] [0m[0m                                   ^[0m
[0m[[0m[33mwarn[0m] [0m[0m/Users/rito/Desktop/develop/RyoServerAssist/src/main/scala/com/ryoserver/Profile/ProfileSettingCommands.scala:20:36: method any2stringadd in object Predef is deprecated (since 2.13.0): Implicit injection of + is deprecated. Convert to String to call +[0m
[0m[[0m[33mwarn[0m] [0m[0m      sender.sendMessage(ChatColor.AQUA + "Discord: " + profile("Discord"))[0m
[0m[[0m[33mwarn[0m] [0m[0m                                   ^[0m
[0m[[0m[33mwarn[0m] [0m[0m/Users/rito/Desktop/develop/RyoServerAssist/src/main/scala/com/ryoserver/Profile/ProfileSettingCommands.scala:21:36: method any2stringadd in object Predef is deprecated (since 2.13.0): Implicit injection of + is deprecated. Convert to String to call +[0m
[0m[[0m[33mwarn[0m] [0m[0m      sender.sendMessage(ChatColor.AQUA + "ä¸€è¨€ãƒ¡ãƒƒã‚»ãƒ¼ã‚¸: " + profile("Word"))[0m
[0m[[0m[33mwarn[0m] [0m[0m                                   ^[0m
[0m[[0m[33mwarn[0m] [0m[0m/Users/rito/Desktop/develop/RyoServerAssist/src/main/scala/com/ryoserver/Profile/ProfileSettingCommands.scala:27:40: method any2stringadd in object Predef is deprecated (since 2.13.0): Implicit injection of + is deprecated. Convert to String to call +[0m
[0m[[0m[33mwarn[0m] [0m[0m          sender.sendMessage(ChatColor.AQUA + "Twitterã‚’ã€Œ@" + args(1) + "ã€ã«è¨­å®šã—ã¾ã—ãŸã€‚")[0m
[0m[[0m[33mwarn[0m] [0m[0m                                       ^[0m
[0m[[0m[33mwarn[0m] [0m[0m/Users/rito/Desktop/develop/RyoServerAssist/src/main/scala/com/ryoserver/Profile/ProfileSettingCommands.scala:30:40: method any2stringadd in object Predef is deprecated (since 2.13.0): Implicit injection of + is deprecated. Convert to String to call +[0m
[0m[[0m[33mwarn[0m] [0m[0m          sender.sendMessage(ChatColor.AQUA + "Discordã‚’ã€Œ" + args(1) + "ã€ã«è¨­å®šã—ã¾ã—ãŸã€‚")[0m
[0m[[0m[33mwarn[0m] [0m[0m                                       ^[0m
[0m[[0m[33mwarn[0m] [0m[0m/Users/rito/Desktop/develop/RyoServerAssist/src/main/scala/com/ryoserver/Profile/ProfileSettingCommands.scala:33:40: method any2stringadd in object Predef is deprecated (since 2.13.0): Implicit injection of + is deprecated. Convert to String to call +[0m
[0m[[0m[33mwarn[0m] [0m[0m          sender.sendMessage(ChatColor.AQUA + "ä¸€è¨€ãƒ¡ãƒƒã‚»ãƒ¼ã‚¸ã‚’ã€Œ" + args(1) + "ã€ã«è¨­å®šã—ã¾ã—ãŸã€‚")[0m
[0m[[0m[33mwarn[0m] [0m[0m                                       ^[0m
[0m[[0m[33mwarn[0m] [0m[0m/Users/rito/Desktop/develop/RyoServerAssist/src/main/scala/com/ryoserver/Quest/Event/EventDeliveryMenu.scala:23:31: method any2stringadd in object Predef is deprecated (since 2.13.0): Implicit injection of + is deprecated. Convert to String to call +[0m
[0m[[0m[33mwarn[0m] [0m[0m      p.sendMessage(ChatColor.RED + "ã‚¤ãƒ™ãƒ³ãƒˆãŒçµ‚äº†ã—ã¾ã—ãŸï¼")[0m
[0m[[0m[33mwarn[0m] [0m[0m                              ^[0m
[0m[[0m[33mwarn[0m] [0m[0m/Users/rito/Desktop/develop/RyoServerAssist/src/main/scala/com/ryoserver/Quest/Event/EventDeliveryMenu.scala:41:33: method any2stringadd in object Predef is deprecated (since 2.13.0): Implicit injection of + is deprecated. Convert to String to call +[0m
[0m[[0m[33mwarn[0m] [0m[0m        p.sendMessage(ChatColor.RED + "ã‚¤ãƒ™ãƒ³ãƒˆãŒçµ‚äº†ã—ãŸãŸã‚ã€ç´å“ã§ãã¾ã›ã‚“ã§ã—ãŸã€‚")[0m
[0m[[0m[33mwarn[0m] [0m[0m                                ^[0m
[0m[[0m[33mwarn[0m] [0m[0m/Users/rito/Desktop/develop/RyoServerAssist/src/main/scala/com/ryoserver/Quest/Event/EventDeliveryMenu.scala:66:33: method any2stringadd in object Predef is deprecated (since 2.13.0): Implicit injection of + is deprecated. Convert to String to call +[0m
[0m[[0m[33mwarn[0m] [0m[0m        p.sendMessage(ChatColor.AQUA + "ç´å“ã—ã¾ã—ãŸã€‚")[0m
[0m[[0m[33mwarn[0m] [0m[0m                                ^[0m
[0m[[0m[33mwarn[0m] [0m[0m/Users/rito/Desktop/develop/RyoServerAssist/src/main/scala/com/ryoserver/Quest/Event/EventDeliveryMenu.scala:67:33: method any2stringadd in object Predef is deprecated (since 2.13.0): Implicit injection of + is deprecated. Convert to String to call +[0m
[0m[[0m[33mwarn[0m] [0m[0m        p.sendMessage(ChatColor.AQUA + exp.toString + "expæ‰‹ã«å…¥ã‚Šã¾ã—ãŸã€‚(ãƒœãƒ¼ãƒŠã‚¹åˆ†ã‚’é™¤ã)")[0m
[0m[[0m[33mwarn[0m] [0m[0m                                ^[0m
[0m[[0m[33mwarn[0m] [0m[0m/Users/rito/Desktop/develop/RyoServerAssist/src/main/scala/com/ryoserver/Quest/Event/EventTitleMenu.scala:24:78: method any2stringadd in object Predef is deprecated (since 2.13.0): Implicit injection of + is deprecated. Convert to String to call +[0m
[0m[[0m[33mwarn[0m] [0m[0m        setItem(getX(index), getY(index), Material.NAME_TAG, effect = false, RESET + title, List(s"${GRAY}ã‚¯ãƒªãƒƒã‚¯ã§è¨­å®šã—ã¾ã™ã€‚"))[0m
[0m[[0m[33mwarn[0m] [0m[0m                                                                             ^[0m
[0m[[0m[33mwarn[0m] [0m[0m/Users/rito/Desktop/develop/RyoServerAssist/src/main/scala/com/ryoserver/Quest/Event/EventTitleMenu.scala:37:31: method any2stringadd in object Predef is deprecated (since 2.13.0): Implicit injection of + is deprecated. Convert to String to call +[0m
[0m[[0m[33mwarn[0m] [0m[0m      p.sendMessage(ChatColor.AQUA + "ç§°å·: ã€Œ" + titleName + "ã€ã‚’è¨­å®šã—ã¾ã—ãŸï¼")[0m
[0m[[0m[33mwarn[0m] [0m[0m                              ^[0m
[0m[[0m[33mwarn[0m] [0m[0m/Users/rito/Desktop/develop/RyoServerAssist/src/main/scala/com/ryoserver/Quest/LoadQuests.scala:54:14: method copyArrayToImmutableIndexedSeq in class LowPriorityImplicits2 is deprecated (since 2.13.0): Implicit conversions from Array to immutable.IndexedSeq are implemented by copying; Use the more efficient non-copying ArraySeq.unsafeWrapArray or an explicit toIndexedSeq call[0m
[0m[[0m[33mwarn[0m] [0m[0m      entity <- EntityType.values()[0m
[0m[[0m[33mwarn[0m] [0m[0m             ^[0m
[0m[[0m[33mwarn[0m] [0m[0m100 warnings found[0m
[0m[[0m[0minfo[0m] [0m[0mdone compiling[0m
[0m[[0m[32msuccess[0m] [0m[0mTotal time: 1 s, completed 2021/12/27 11:57:43[0m
[0m[[0m[0mdebug[0m] [0m[0m> Exec(idea-shell, None, None)[0m
