[0m[[0m[0mdebug[0m] [0m[0m> Exec(assembly, None, None)[0m
[0m[[0m[0mdebug[0m] [0m[0mEvaluating tasks: assembly[0m
[0m[[0m[0mdebug[0m] [0m[0mRunning task... Cancel: Signal, check cycles: false, forcegc: true[0m
[0m[[0m[0minfo[0m] [0m[0mcompiling 15 Scala sources to /Users/rito/Desktop/develop/RyoServerAssist/target/scala-2.13/classes ...[0m
[0m[[0m[31merror[0m] [0m[0m/Users/rito/Desktop/develop/RyoServerAssist/src/main/scala/com/ryoserver/Menu/RyoServerMenu1.scala:5:8: object GetGachaTickets is not a member of package com.ryoserver.Gacha[0m
[0m[[0m[31merror[0m] [0m[0mdid you mean getGachaTickets?[0m
[0m[[0m[31merror[0m] [0m[0mimport com.ryoserver.Gacha.{GachaItemChangeGUI, GetGachaTickets}[0m
[0m[[0m[31merror[0m] [0m[0m       ^[0m
[0m[[0m[31merror[0m] [0m[0m/Users/rito/Desktop/develop/RyoServerAssist/src/main/scala/com/ryoserver/Menu/RyoServerMenu1.scala:7:8: object GetPlayerData is not a member of package com.ryoserver.Level.Player[0m
[0m[[0m[31merror[0m] [0m[0mdid you mean getPlayerData?[0m
[0m[[0m[31merror[0m] [0m[0mimport com.ryoserver.Level.Player.GetPlayerData[0m
[0m[[0m[31merror[0m] [0m[0m       ^[0m
[0m[[0m[31merror[0m] [0m[0m/Users/rito/Desktop/develop/RyoServerAssist/src/main/scala/com/ryoserver/Menu/RyoServerMenu1.scala:10:8: object GetData is not a member of package com.ryoserver.Player[0m
[0m[[0m[31merror[0m] [0m[0mdid you mean getData?[0m
[0m[[0m[31merror[0m] [0m[0mimport com.ryoserver.Player.{Data, GetData}[0m
[0m[[0m[31merror[0m] [0m[0m       ^[0m
[0m[[0m[31merror[0m] [0m[0m/Users/rito/Desktop/develop/RyoServerAssist/src/main/scala/com/ryoserver/Menu/RyoServerMenu1.scala:42:36: not found: type GetData[0m
[0m[[0m[31merror[0m] [0m[0m      s"${GRAY}å—ã‘å–ã‚Œã‚‹ã‚¬ãƒãƒ£åˆ¸ã®æžšæ•°: ${new GetData(ryoServerAssist).getFromAdminTickets(p)}æžš"[0m
[0m[[0m[31merror[0m] [0m[0m                                   ^[0m
[0m[[0m[31merror[0m] [0m[0m/Users/rito/Desktop/develop/RyoServerAssist/src/main/scala/com/ryoserver/Menu/RyoServerMenu1.scala:48:37: not found: type GetData[0m
[0m[[0m[31merror[0m] [0m[0m      s"${GRAY}å—ã‘å–ã‚Œã‚‹ã‚¬ãƒãƒ£åˆ¸ã®æžšæ•°:" + new GetData(ryoServerAssist).getTickets(p) + "æžš",[0m
[0m[[0m[31merror[0m] [0m[0m                                    ^[0m
[0m[[0m[31merror[0m] [0m[0m/Users/rito/Desktop/develop/RyoServerAssist/src/main/scala/com/ryoserver/Menu/RyoServerMenu1.scala:49:62: not found: type GetPlayerData[0m
[0m[[0m[31merror[0m] [0m[0m      s"${GRAY}æ¬¡ã®ã‚¬ãƒãƒ£åˆ¸ã¾ã§ã‚ã¨" + String.format("%.1f",(100 - new GetPlayerData(ryoServerAssist).getPlayerExp(p) % 100))))[0m
[0m[[0m[31merror[0m] [0m[0m                                                             ^[0m
[0m[[0m[31merror[0m] [0m[0m/Users/rito/Desktop/develop/RyoServerAssist/src/main/scala/com/ryoserver/Menu/RyoServerMenu1.scala:87:30: not found: type GetGachaTickets[0m
[0m[[0m[31merror[0m] [0m[0m      getLayOut(3, 5) -> new GetGachaTickets(ryoServerAssist).receipt _,[0m
[0m[[0m[31merror[0m] [0m[0m                             ^[0m
[0m[[0m[31merror[0m] [0m[0m/Users/rito/Desktop/develop/RyoServerAssist/src/main/scala/com/ryoserver/NeoStack/Menu/CategorySelectMenu.scala:3:8: object GetPlayerData is not a member of package com.ryoserver.Level.Player[0m
[0m[[0m[31merror[0m] [0m[0mdid you mean getPlayerData?[0m
[0m[[0m[31merror[0m] [0m[0mimport com.ryoserver.Level.Player.GetPlayerData[0m
[0m[[0m[31merror[0m] [0m[0m       ^[0m
[0m[[0m[31merror[0m] [0m[0m/Users/rito/Desktop/develop/RyoServerAssist/src/main/scala/com/ryoserver/NeoStack/Menu/CategorySelectMenu.scala:20:20: not found: type GetPlayerData[0m
[0m[[0m[31merror[0m] [0m[0m    val data = new GetPlayerData(ryoServerAssist)[0m
[0m[[0m[31merror[0m] [0m[0m                   ^[0m
[0m[[0m[31merror[0m] [0m[0m/Users/rito/Desktop/develop/RyoServerAssist/src/main/scala/com/ryoserver/Quest/Event/EventMenu.scala:5:8: object LoadQuests is not a member of package com.ryoserver.Quest[0m
[0m[[0m[31merror[0m] [0m[0mdid you mean loadQuests?[0m
[0m[[0m[31merror[0m] [0m[0mimport com.ryoserver.Quest.LoadQuests[0m
[0m[[0m[31merror[0m] [0m[0m       ^[0m
[0m[[0m[31merror[0m] [0m[0m/Users/rito/Desktop/develop/RyoServerAssist/src/main/scala/com/ryoserver/Quest/Event/EventMenu.scala:35:74: not found: value LoadQuests; incompatible interpolation method s[0m
[0m[[0m[31merror[0m] [0m[0m        if (eventData.item != null && eventData.eventType == "delivery") s"${WHITE}é›†ã‚ã‚‹ã‚¢ã‚¤ãƒ†ãƒ : ${[0m
[0m[[0m[31merror[0m] [0m[0m                                                                         ^[0m
[0m[[0m[31merror[0m] [0m[0m/Users/rito/Desktop/develop/RyoServerAssist/src/main/scala/com/ryoserver/Quest/Event/EventMenu.scala:40:82: not found: value LoadQuests; incompatible interpolation method s[0m
[0m[[0m[31merror[0m] [0m[0m        else if (eventData.item != null && eventData.eventType == "suppression") s"${WHITE}è¨Žä¼ã™ã‚‹MOB: ${[0m
[0m[[0m[31merror[0m] [0m[0m                                                                                 ^[0m
[0m[[0m[31merror[0m] [0m[0m/Users/rito/Desktop/develop/RyoServerAssist/src/main/scala/com/ryoserver/Quest/SelectQuestMenu.scala:3:8: object GetPlayerData is not a member of package com.ryoserver.Level.Player[0m
[0m[[0m[31merror[0m] [0m[0mdid you mean getPlayerData?[0m
[0m[[0m[31merror[0m] [0m[0mimport com.ryoserver.Level.Player.GetPlayerData[0m
[0m[[0m[31merror[0m] [0m[0m       ^[0m
[0m[[0m[31merror[0m] [0m[0m/Users/rito/Desktop/develop/RyoServerAssist/src/main/scala/com/ryoserver/Quest/SelectQuestMenu.scala:26:27: not found: type GetPlayerData[0m
[0m[[0m[31merror[0m] [0m[0m    val playerLevel = new GetPlayerData(ryoServerAssist).getPlayerLevel(p)[0m
[0m[[0m[31merror[0m] [0m[0m                          ^[0m
[0m[[0m[31merror[0m] [0m[0m/Users/rito/Desktop/develop/RyoServerAssist/src/main/scala/com/ryoserver/Quest/SelectQuestMenu.scala:55:52: not found: value LoadQuests[0m
[0m[[0m[31merror[0m] [0m[0m          questDetails.add(ChatColor.WHITE + "ãƒ»" + LoadQuests.langFile.get(itemName).textValue() + ":" + i.split(":")(1) + "å€‹")[0m
[0m[[0m[31merror[0m] [0m[0m                                                   ^[0m
[0m[[0m[31merror[0m] [0m[0m/Users/rito/Desktop/develop/RyoServerAssist/src/main/scala/com/ryoserver/Quest/SelectQuestMenu.scala:60:52: not found: value LoadQuests[0m
[0m[[0m[31merror[0m] [0m[0m          questDetails.add(ChatColor.WHITE + "ãƒ»" + LoadQuests.langFile.get("entity." + entity.getKey.toString.replace(":", ".")).textValue() +[0m
[0m[[0m[31merror[0m] [0m[0m                                                   ^[0m
[0m[[0m[31merror[0m] [0m[0m/Users/rito/Desktop/develop/RyoServerAssist/src/main/scala/com/ryoserver/RyoServerAssist.scala:6:8: object CreateFiles is not a member of package com.ryoserver.File[0m
[0m[[0m[31merror[0m] [0m[0mdid you mean createFiles?[0m
[0m[[0m[31merror[0m] [0m[0mimport com.ryoserver.File.CreateFiles[0m
[0m[[0m[31merror[0m] [0m[0m       ^[0m
[0m[[0m[31merror[0m] [0m[0m/Users/rito/Desktop/develop/RyoServerAssist/src/main/scala/com/ryoserver/RyoServerAssist.scala:13:8: object TotemEffect is not a member of package com.ryoserver.OriginalItem[0m
[0m[[0m[31merror[0m] [0m[0mdid you mean totemEffect?[0m
[0m[[0m[31merror[0m] [0m[0mimport com.ryoserver.OriginalItem.{AnvilRepairEvent, OriginalItemCommands, TotemEffect}[0m
[0m[[0m[31merror[0m] [0m[0m       ^[0m
[0m[[0m[31merror[0m] [0m[0m/Users/rito/Desktop/develop/RyoServerAssist/src/main/scala/com/ryoserver/RyoServerAssist.scala:14:8: object PlayerDataLoader is not a member of package com.ryoserver.Player[0m
[0m[[0m[31merror[0m] [0m[0mdid you mean playerDataLoader?[0m
[0m[[0m[31merror[0m] [0m[0mimport com.ryoserver.Player.{FirstJoinSettingCommand, FirstJoinSettingEvent, LoadPlayerData, PlayerDataLoader, PlayerEvents}[0m
[0m[[0m[31merror[0m] [0m[0m       ^[0m
[0m[[0m[31merror[0m] [0m[0m/Users/rito/Desktop/develop/RyoServerAssist/src/main/scala/com/ryoserver/RyoServerAssist.scala:16:8: object LoadQuests is not a member of package com.ryoserver.Quest[0m
[0m[[0m[31merror[0m] [0m[0mdid you mean loadQuests?[0m
[0m[[0m[31merror[0m] [0m[0mimport com.ryoserver.Quest.{LoadQuests, QuestSelectMenuEvent, SuppressionEvent}[0m
[0m[[0m[31merror[0m] [0m[0m       ^[0m
[0m[[0m[31merror[0m] [0m[0m/Users/rito/Desktop/develop/RyoServerAssist/src/main/scala/com/ryoserver/RyoServerAssist.scala:27:8: object TpaCommand is not a member of package com.ryoserver.tpa[0m
[0m[[0m[31merror[0m] [0m[0mdid you mean tpaCommand?[0m
[0m[[0m[31merror[0m] [0m[0mimport com.ryoserver.tpa.TpaCommand[0m
[0m[[0m[31merror[0m] [0m[0m       ^[0m
[0m[[0m[31merror[0m] [0m[0m/Users/rito/Desktop/develop/RyoServerAssist/src/main/scala/com/ryoserver/RyoServerAssist.scala:59:20: not found: type TpaCommand[0m
[0m[[0m[31merror[0m] [0m[0m      "tpa" -> new TpaCommand(this),[0m
[0m[[0m[31merror[0m] [0m[0m                   ^[0m
[0m[[0m[31merror[0m] [0m[0m/Users/rito/Desktop/develop/RyoServerAssist/src/main/scala/com/ryoserver/RyoServerAssist.scala:69:18: type mismatch;[0m
[0m[[0m[31merror[0m] [0m[0m found   : Any[0m
[0m[[0m[31merror[0m] [0m[0m required: String[0m
[0m[[0m[31merror[0m] [0m[0m      getCommand(cmd).setExecutor(executor)[0m
[0m[[0m[31merror[0m] [0m[0m                 ^[0m
[0m[[0m[31merror[0m] [0m[0m/Users/rito/Desktop/develop/RyoServerAssist/src/main/scala/com/ryoserver/RyoServerAssist.scala:95:11: not found: type SuppressionEvent[0m
[0m[[0m[31merror[0m] [0m[0m      new SuppressionEvent(this),[0m
[0m[[0m[31merror[0m] [0m[0m          ^[0m
[0m[[0m[31merror[0m] [0m[0m/Users/rito/Desktop/develop/RyoServerAssist/src/main/scala/com/ryoserver/RyoServerAssist.scala:102:11: not found: type TotemEffect[0m
[0m[[0m[31merror[0m] [0m[0m      new TotemEffect,[0m
[0m[[0m[31merror[0m] [0m[0m          ^[0m
[0m[[0m[31merror[0m] [0m[0m/Users/rito/Desktop/develop/RyoServerAssist/src/main/scala/com/ryoserver/RyoServerAssist.scala:120:5: not found: value LoadQuests[0m
[0m[[0m[31merror[0m] [0m[0m    LoadQuests.checkQuest(this)[0m
[0m[[0m[31merror[0m] [0m[0m    ^[0m
[0m[[0m[31merror[0m] [0m[0m/Users/rito/Desktop/develop/RyoServerAssist/src/main/scala/com/ryoserver/RyoServerAssist.scala:122:9: not found: type CreateFiles[0m
[0m[[0m[31merror[0m] [0m[0m    new CreateFiles().createResourcesFile()[0m
[0m[[0m[31merror[0m] [0m[0m        ^[0m
[0m[[0m[31merror[0m] [0m[0m/Users/rito/Desktop/develop/RyoServerAssist/src/main/scala/com/ryoserver/RyoServerAssist.scala:125:46: not found: type PlayerDataLoader[0m
[0m[[0m[31merror[0m] [0m[0m    Bukkit.getOnlinePlayers.forEach(p => new PlayerDataLoader(this).load(p))[0m
[0m[[0m[31merror[0m] [0m[0m                                             ^[0m
[0m[[0m[31merror[0m] [0m[0m/Users/rito/Desktop/develop/RyoServerAssist/src/main/scala/com/ryoserver/RyoServerAssist.scala:144:46: not found: type PlayerDataLoader[0m
[0m[[0m[31merror[0m] [0m[0m    Bukkit.getOnlinePlayers.forEach(p => new PlayerDataLoader(this).unload(p))[0m
[0m[[0m[31merror[0m] [0m[0m                                             ^[0m
[0m[[0m[31merror[0m] [0m[0m29 errors found[0m
[0m[[0m[31merror[0m] [0m[0m(Compile / [31mcompileIncremental[0m) Compilation failed[0m
[0m[[0m[31merror[0m] [0m[0mTotal time: 1 s, completed 2021/11/14 14:33:48[0m
[0m[[0m[0mdebug[0m] [0m[0m> Exec(idea-shell, None, None)[0m
