[0m[[0m[0mdebug[0m] [0m[0m> Exec(assembly, None, None)[0m
[0m[[0m[0mdebug[0m] [0m[0mEvaluating tasks: assembly[0m
[0m[[0m[0mdebug[0m] [0m[0mRunning task... Cancel: Signal, check cycles: false, forcegc: true[0m
[0m[[0m[0minfo[0m] [0m[0mcompiling 147 Scala sources to /Users/rito/Desktop/develop/RyoServerAssist/target/scala-2.13/classes ...[0m
[0m[[0m[31merror[0m] [0m[0m/Users/rito/Desktop/develop/RyoServerAssist/src/main/scala/com/ryoserver/Player/CreateData.scala:42:63: not enough arguments for method apply: (level: Int, exp: Int, skillPoint: Double, ranking: Int, loginNumber: Int, consecutiveLoginDays: Int, questClearTimes: Int, gachaTickets: Int, gachaPullNumber: Int, SkillOpenPoint: Int, OpenedSkills: String, voteNumber: Int, specialSkillOpenPoint: Int, OpenedSpecialSkills: String, OpenedTitles: String, SelectedTitle: String, autoStack: Boolean, Twitter: String, Discord: String, Word: String): com.ryoserver.Player.PlayerData in object PlayerData.[0m
[0m[[0m[31merror[0m] [0m[0mUnspecified value parameters voteNumber, specialSkillOpenPoint, OpenedSpecialSkills...[0m
[0m[[0m[31merror[0m] [0m[0m      Data.playerData += (p.getUniqueId.toString -> PlayerData(0, 0,new SkillPointCal().getMaxSkillPoint(0), 0, Data.playerData.size + 1, 1, 1, 0, 0,0,null))[0m
[0m[[0m[31merror[0m] [0m[0m                                                              ^[0m
[0m[[0m[31merror[0m] [0m[0m/Users/rito/Desktop/develop/RyoServerAssist/src/main/scala/com/ryoserver/Player/LoadPlayerData.scala:29:45: not enough arguments for method apply: (level: Int, exp: Int, skillPoint: Double, ranking: Int, loginNumber: Int, consecutiveLoginDays: Int, questClearTimes: Int, gachaTickets: Int, gachaPullNumber: Int, SkillOpenPoint: Int, OpenedSkills: String, voteNumber: Int, specialSkillOpenPoint: Int, OpenedSpecialSkills: String, OpenedTitles: String, SelectedTitle: String, autoStack: Boolean, Twitter: String, Discord: String, Word: String): com.ryoserver.Player.PlayerData in object PlayerData.[0m
[0m[[0m[31merror[0m] [0m[0mUnspecified value parameters voteNumber, specialSkillOpenPoint, OpenedSpecialSkills...[0m
[0m[[0m[31merror[0m] [0m[0m      Data.playerData += (uuid -> PlayerData(level, exp, skillPoint, ranking, loginNumber, consecutiveLoginDays, questClearTimes, gachaPullNumber, voteNumber,specialSkillOpenPoint,openedSpecialSkills))[0m
[0m[[0m[31merror[0m] [0m[0m                                            ^[0m
[0m[[0m[31merror[0m] [0m[0m/Users/rito/Desktop/develop/RyoServerAssist/src/main/scala/com/ryoserver/SkillSystems/Skill/SpecialSkillPlayerData.scala:81:61: not enough arguments for method apply: (level: Int, exp: Int, skillPoint: Double, ranking: Int, loginNumber: Int, consecutiveLoginDays: Int, questClearTimes: Int, gachaTickets: Int, gachaPullNumber: Int, SkillOpenPoint: Int, OpenedSkills: String, voteNumber: Int, specialSkillOpenPoint: Int, OpenedSpecialSkills: String, OpenedTitles: String, SelectedTitle: String, autoStack: Boolean, Twitter: String, Discord: String, Word: String): com.ryoserver.Player.PlayerData in object PlayerData.[0m
[0m[[0m[31merror[0m] [0m[0mUnspecified value parameters voteNumber, specialSkillOpenPoint, OpenedSpecialSkills...[0m
[0m[[0m[31merror[0m] [0m[0m    Data.playerData += (p.getUniqueId.toString -> PlayerData([0m
[0m[[0m[31merror[0m] [0m[0m                                                            ^[0m
[0m[[0m[31merror[0m] [0m[0m/Users/rito/Desktop/develop/RyoServerAssist/src/main/scala/com/ryoserver/SkillSystems/SkillOpens/SkillOpenData.scala:53:61: not enough arguments for method apply: (level: Int, exp: Int, skillPoint: Double, ranking: Int, loginNumber: Int, consecutiveLoginDays: Int, questClearTimes: Int, gachaTickets: Int, gachaPullNumber: Int, SkillOpenPoint: Int, OpenedSkills: String, voteNumber: Int, specialSkillOpenPoint: Int, OpenedSpecialSkills: String, OpenedTitles: String, SelectedTitle: String, autoStack: Boolean, Twitter: String, Discord: String, Word: String): com.ryoserver.Player.PlayerData in object PlayerData.[0m
[0m[[0m[31merror[0m] [0m[0mUnspecified value parameters voteNumber, specialSkillOpenPoint, OpenedSpecialSkills...[0m
[0m[[0m[31merror[0m] [0m[0m    Data.playerData += (p.getUniqueId.toString -> PlayerData([0m
[0m[[0m[31merror[0m] [0m[0m                                                            ^[0m
[0m[[0m[31merror[0m] [0m[0m/Users/rito/Desktop/develop/RyoServerAssist/src/main/scala/com/ryoserver/SkillSystems/SkillPoint/SkillPointData.scala:15:61: not enough arguments for method apply: (level: Int, exp: Int, skillPoint: Double, ranking: Int, loginNumber: Int, consecutiveLoginDays: Int, questClearTimes: Int, gachaTickets: Int, gachaPullNumber: Int, SkillOpenPoint: Int, OpenedSkills: String, voteNumber: Int, specialSkillOpenPoint: Int, OpenedSpecialSkills: String, OpenedTitles: String, SelectedTitle: String, autoStack: Boolean, Twitter: String, Discord: String, Word: String): com.ryoserver.Player.PlayerData in object PlayerData.[0m
[0m[[0m[31merror[0m] [0m[0mUnspecified value parameters voteNumber, specialSkillOpenPoint, OpenedSpecialSkills...[0m
[0m[[0m[31merror[0m] [0m[0m    Data.playerData += (p.getUniqueId.toString -> PlayerData([0m
[0m[[0m[31merror[0m] [0m[0m                                                            ^[0m
[0m[[0m[31merror[0m] [0m[0m5 errors found[0m
[0m[[0m[31merror[0m] [0m[0m(Compile / [31mcompileIncremental[0m) Compilation failed[0m
[0m[[0m[31merror[0m] [0m[0mTotal time: 4 s, completed 2021/12/19 21:59:43[0m
[0m[[0m[0mdebug[0m] [0m[0m> Exec(idea-shell, None, None)[0m
